<?xml version="1.0" encoding="UTF-8"?>
<beans xmlns="http://www.springframework.org/schema/beans"
	xmlns:xsi="http://www.w3.org/2001/XMLSchema-instance"
	xsi:schemaLocation="http://www.springframework.org/schema/beans http://www.springframework.org/schema/beans/spring-beans-4.0.xsd">
	
	<!-- HandlerMapping -->
	<bean class="org.springframework.web.servlet.handler.BeanNameUrlHandlerMapping" />

	<!-- Controller -->
	<bean name="/index.do" class="org.springframework.web.servlet.mvc.ParameterizableViewController">
		<property name="viewName" value="list1" />
	</bean>
	<bean name="/good/sijak.do" class="org.springframework.web.servlet.mvc.ParameterizableViewController">
		<property name="viewName" value="kbs/list2" />
	</bean>
	
	<!--  ViewResolver -->
	<bean class="org.springframework.web.servlet.view.InternalResourceViewResolver">
		<!-- <property name="prefix" value="/" /> -->
		<!--  <property name="prefix" value="/view/" /> -->
		<property name="prefix" value="/WEB-INF//view/" />
		<property name="suffix" value=".jsp" />
	</bean>
	

</beans>
